<?xml version="1.0" encoding="UTF-8" ?>
<testsuites>
  <testsuite errors="0" failures="0" id="0" name="VersionTest" package="com.zutubi.pulse" tests="2" time="0.18">
  

      <testcase classname="com.zutubi.pulse.VersionTest" name="testDefaultVersion" time="0.05"></testcase>

      <testcase classname="com.zutubi.pulse.VersionTest" name="testReadWriteVersion" time="0.04"></testcase>

      <system-out></system-out>

      <system-err></system-err>

  </testsuite>
    
  <testsuite errors="0" failures="0" id="1" name="AntCommandTest" package="com.zutubi.pulse.core" tests="9" time="12.778">
  

      <testcase classname="com.zutubi.pulse.core.AntCommandTest" name="testBasicDefault" time="2.183"></testcase>

      <testcase classname="com.zutubi.pulse.core.AntCommandTest" name="testBasicTargets" time="2.133"></testcase>

      <testcase classname="com.zutubi.pulse.core.AntCommandTest" name="testDoubleSpaceTargets" time="1.352"></testcase>

      <testcase classname="com.zutubi.pulse.core.AntCommandTest" name="testEnvironment" time="1.472"></testcase>

      <testcase classname="com.zutubi.pulse.core.AntCommandTest" name="testExplicitBuildfile" time="3.225"></testcase>

      <testcase classname="com.zutubi.pulse.core.AntCommandTest" name="testExplicitArguments" time="1.241"></testcase>

      <testcase classname="com.zutubi.pulse.core.AntCommandTest" name="testRunNoBuildFile" time="0.521"></testcase>

      <testcase classname="com.zutubi.pulse.core.AntCommandTest" name="testRunNonExistantBuildFile" time="0.541"></testcase>

      <testcase classname="com.zutubi.pulse.core.AntCommandTest" name="test" time="0.02"></testcase>

      <system-out></system-out>

      <system-err></system-err>

  </testsuite>
  <testsuite errors="0" failures="0" id="2" name="AntPostProcessorTest" package="com.zutubi.pulse.core" tests="4" time="0.321">
  

      <testcase classname="com.zutubi.pulse.core.AntPostProcessorTest" name="testSuccess" time="0.14"></testcase>

      <testcase classname="com.zutubi.pulse.core.AntPostProcessorTest" name="testNoBuildFile" time="0.03"></testcase>

      <testcase classname="com.zutubi.pulse.core.AntPostProcessorTest" name="testSyntaxError" time="0.03"></testcase>

      <testcase classname="com.zutubi.pulse.core.AntPostProcessorTest" name="testJavacError" time="0.04"></testcase>

      <system-out></system-out>

      <system-err></system-err>

  </testsuite>
  <testsuite errors="0" failures="0" id="3" name="CommandGroupLoadTest" package="com.zutubi.pulse.core" tests="2" time="1.332">
  

      <testcase classname="com.zutubi.pulse.core.CommandGroupLoadTest" name="testBasicCommandGroup" time="1.222"></testcase>

      <testcase classname="com.zutubi.pulse.core.CommandGroupLoadTest" name="testNoExistNoFail" time="0.03"></testcase>

      <system-out></system-out>

      <system-err></system-err>

  </testsuite>
  <testsuite errors="0" failures="0" id="4" name="CommandGroupTest" package="com.zutubi.pulse.core" tests="14" time="1.752">
  
      <testcase classname="com.zutubi.pulse.core.CommandGroupTest" name="testSimpleNestedCommand" time="0.19"></testcase>

      <testcase classname="com.zutubi.pulse.core.CommandGroupTest" name="testCaptureFile" time="0.09"></testcase>

      <testcase classname="com.zutubi.pulse.core.CommandGroupTest" name="testCaptureFileRelative" time="0.071"></testcase>

      <testcase classname="com.zutubi.pulse.core.CommandGroupTest" name="testCaptureFileNonExistent" time="0.05"></testcase>

      <testcase classname="com.zutubi.pulse.core.CommandGroupTest" name="testCaptureFileNonExistentNoFail" time="0.06"></testcase>

      <testcase classname="com.zutubi.pulse.core.CommandGroupTest" name="testCaptureDir" time="0.19"></testcase>

      <testcase classname="com.zutubi.pulse.core.CommandGroupTest" name="testCaptureDirNonExistant" time="0.05"></testcase>

      <testcase classname="com.zutubi.pulse.core.CommandGroupTest" name="testCaptureDirNonExistantNoFail" time="0.04"></testcase>

      <testcase classname="com.zutubi.pulse.core.CommandGroupTest" name="testMultiDirCapture" time="0.2"></testcase>

      <testcase classname="com.zutubi.pulse.core.CommandGroupTest" name="testDirIncludes" time="0.141"></testcase>

      <testcase classname="com.zutubi.pulse.core.CommandGroupTest" name="testDirExcludes" time="0.15"></testcase>

      <testcase classname="com.zutubi.pulse.core.CommandGroupTest" name="testIncludesAndExcludes" time="0.15"></testcase>

      <testcase classname="com.zutubi.pulse.core.CommandGroupTest" name="testBaseDir" time="0.13"></testcase>

      <testcase classname="com.zutubi.pulse.core.CommandGroupTest" name="testBaseDirRelative" time="0.14"></testcase>

      <system-out></system-out>

      <system-err></system-err>

  </testsuite>
  <testsuite errors="0" failures="0" id="5" name="ExecutableCommandTest" package="com.zutubi.pulse.core" tests="5" time="2.243">
  
      <testcase classname="com.zutubi.pulse.core.ExecutableCommandTest" name="testExecuteSuccessExpected" time="0.171"></testcase>

      <testcase classname="com.zutubi.pulse.core.ExecutableCommandTest" name="testExecuteFailureExpected" time="0.08"></testcase>

      <testcase classname="com.zutubi.pulse.core.ExecutableCommandTest" name="testExecuteSuccessExpectedNoArg" time="1.812"></testcase>

      <testcase classname="com.zutubi.pulse.core.ExecutableCommandTest" name="testExecuteExceptionExpected" time="0.03"></testcase>

      <testcase classname="com.zutubi.pulse.core.ExecutableCommandTest" name="testPostProcess" time="0.07"></testcase>

      <system-out></system-out>

      <system-err></system-err>

  </testsuite>
  <testsuite errors="0" failures="0" id="6" name="FileLoaderTest" package="com.zutubi.pulse.core" tests="38" time="2.213">
  
      <testcase classname="com.zutubi.pulse.core.FileLoaderTest" name="testSimpleReference" time="0.38"></testcase>

      <testcase classname="com.zutubi.pulse.core.FileLoaderTest" name="testResolveReference" time="0.01"></testcase>

      <testcase classname="com.zutubi.pulse.core.FileLoaderTest" name="testNestedType" time="0.04"></testcase>

      <testcase classname="com.zutubi.pulse.core.FileLoaderTest" name="testNonBeanName" time="0.03"></testcase>

      <testcase classname="com.zutubi.pulse.core.FileLoaderTest" name="testSampleProject" time="1.052"></testcase>

      <testcase classname="com.zutubi.pulse.core.FileLoaderTest" name="testDependency" time="0.01"></testcase>

      <testcase classname="com.zutubi.pulse.core.FileLoaderTest" name="testMacro" time="0.03"></testcase>

      <testcase classname="com.zutubi.pulse.core.FileLoaderTest" name="testMacroEmpty" time="0.01"></testcase>

      <testcase classname="com.zutubi.pulse.core.FileLoaderTest" name="testMacroExpandError" time="0.01"></testcase>

      <testcase classname="com.zutubi.pulse.core.FileLoaderTest" name="testMacroNoName" time="0.0"></testcase>

      <testcase classname="com.zutubi.pulse.core.FileLoaderTest" name="testMacroUnknownAttribute" time="0.01"></testcase>

      <testcase classname="com.zutubi.pulse.core.FileLoaderTest" name="testMacroRefNoMacro" time="0.01"></testcase>

      <testcase classname="com.zutubi.pulse.core.FileLoaderTest" name="testMacroRefNotMacro" time="0.01"></testcase>

      <testcase classname="com.zutubi.pulse.core.FileLoaderTest" name="testMacroRefNotFound" time="0.01"></testcase>

      <testcase classname="com.zutubi.pulse.core.FileLoaderTest" name="testMacroRefUnknownAttribute" time="0.01"></testcase>

      <testcase classname="com.zutubi.pulse.core.FileLoaderTest" name="testMacroInfiniteRecursion" time="0.07"></testcase>

      <testcase classname="com.zutubi.pulse.core.FileLoaderTest" name="testExecutableArgsOne" time="0.02"></testcase>

      <testcase classname="com.zutubi.pulse.core.FileLoaderTest" name="testExecutableArgsOneTwo" time="0.08"></testcase>

      <testcase classname="com.zutubi.pulse.core.FileLoaderTest" name="testExecutableArgsNested" time="0.02"></testcase>

      <testcase classname="com.zutubi.pulse.core.FileLoaderTest" name="testExecutableArgsMultiNested" time="0.02"></testcase>

      <testcase classname="com.zutubi.pulse.core.FileLoaderTest" name="testExecutableArgsAttributeAndNested" time="0.01"></testcase>

      <testcase classname="com.zutubi.pulse.core.FileLoaderTest" name="testValidation" time="0.02"></testcase>

      <testcase classname="com.zutubi.pulse.core.FileLoaderTest" name="testArtifactNameValidation" time="0.01"></testcase>

      <testcase classname="com.zutubi.pulse.core.FileLoaderTest" name="testArtifactInvalidName" time="0.05"></testcase>

      <testcase classname="com.zutubi.pulse.core.FileLoaderTest" name="testArtifactMissingName" time="0.01"></testcase>

      <testcase classname="com.zutubi.pulse.core.FileLoaderTest" name="testProcessNoProcessor" time="0.01"></testcase>

      <testcase classname="com.zutubi.pulse.core.FileLoaderTest" name="testSpecificRecipe" time="0.02"></testcase>

      <testcase classname="com.zutubi.pulse.core.FileLoaderTest" name="testSpecificRecipeDefault" time="0.01"></testcase>

      <testcase classname="com.zutubi.pulse.core.FileLoaderTest" name="testSpecificRecipeError" time="0.02"></testcase>

      <testcase classname="com.zutubi.pulse.core.FileLoaderTest" name="testUnknownAttribute" time="0.011"></testcase>

      <testcase classname="com.zutubi.pulse.core.FileLoaderTest" name="testAntCommandDefaults" time="0.03"></testcase>

      <testcase classname="com.zutubi.pulse.core.FileLoaderTest" name="testAntCommandCustomExe" time="0.01"></testcase>

      <testcase classname="com.zutubi.pulse.core.FileLoaderTest" name="testAntCommandTargets" time="0.01"></testcase>

      <testcase classname="com.zutubi.pulse.core.FileLoaderTest" name="testAntCommandBuildFile" time="0.01"></testcase>

      <testcase classname="com.zutubi.pulse.core.FileLoaderTest" name="testMakeCommandDefaults" time="0.04"></testcase>

      <testcase classname="com.zutubi.pulse.core.FileLoaderTest" name="testMakeCommandCustomExe" time="0.01"></testcase>

      <testcase classname="com.zutubi.pulse.core.FileLoaderTest" name="testMakeCommandTargets" time="0.01"></testcase>

      <testcase classname="com.zutubi.pulse.core.FileLoaderTest" name="testMakeCommandMakefile" time="0.01"></testcase>

      <system-out></system-out>

      <system-err><![CDATA[com.zutubi.pulse.core.ParseException: Processing element 'recipe': starting at line 9 column 5: Processing element 'resource': starting at line 10 column 9: Reference to undefined resource 'i do not exist'
	at com.zutubi.pulse.core.FileLoader.createParseException(FileLoader.java:359)
	at com.zutubi.pulse.core.FileLoader.loadType(FileLoader.java:232)
	at com.zutubi.pulse.core.FileLoader.load(FileLoader.java:106)
	at com.zutubi.pulse.core.FileLoaderTest.testSpecificRecipeError(FileLoaderTest.java:287)
	at sun.reflect.NativeMethodAccessorImpl.invoke0(Native Method)
	at sun.reflect.NativeMethodAccessorImpl.invoke(NativeMethodAccessorImpl.java:39)
	at sun.reflect.DelegatingMethodAccessorImpl.invoke(DelegatingMethodAccessorImpl.java:25)
	at java.lang.reflect.Method.invoke(Method.java:585)
	at junit.framework.TestCase.runTest(TestCase.java:154)
	at junit.framework.TestCase.runBare(TestCase.java:127)
	at junit.framework.TestResult$1.protect(TestResult.java:106)
	at junit.framework.TestResult.runProtected(TestResult.java:124)
	at junit.framework.TestResult.run(TestResult.java:109)
	at junit.framework.TestCase.run(TestCase.java:118)
	at junit.framework.TestSuite.runTest(TestSuite.java:208)
	at junit.framework.TestSuite.run(TestSuite.java:203)
	at org.apache.tools.ant.taskdefs.optional.junit.JUnitTestRunner.run(JUnitTestRunner.java:297)
	at org.apache.tools.ant.taskdefs.optional.junit.JUnitTestRunner.launch(JUnitTestRunner.java:672)
	at org.apache.tools.ant.taskdefs.optional.junit.JUnitTestRunner.main(JUnitTestRunner.java:567)
]]></system-err>

  </testsuite>
  <testsuite errors="0" failures="0" id="7" name="JUnitReportPostProcessorTest" package="com.zutubi.pulse.core" tests="1" time="0.41">
  
      <testcase classname="com.zutubi.pulse.core.JUnitReportPostProcessorTest" name="testSimple" time="0.33"></testcase>

      <system-out></system-out>

      <system-err></system-err>

  </testsuite>
  <testsuite errors="0" failures="0" id="8" name="MakeCommandTest" package="com.zutubi.pulse.core" tests="9" time="1.152">
  
      <testcase classname="com.zutubi.pulse.core.MakeCommandTest" name="testBasicDefault" time="0.181"></testcase>

      <testcase classname="com.zutubi.pulse.core.MakeCommandTest" name="testBasicTargets" time="0.17"></testcase>

      <testcase classname="com.zutubi.pulse.core.MakeCommandTest" name="testDoubleSpaceTargets" time="0.13"></testcase>

      <testcase classname="com.zutubi.pulse.core.MakeCommandTest" name="testEnvironment" time="0.13"></testcase>

      <testcase classname="com.zutubi.pulse.core.MakeCommandTest" name="testExplicitBuildfile" time="0.1"></testcase>

      <testcase classname="com.zutubi.pulse.core.MakeCommandTest" name="testExplicitArguments" time="0.141"></testcase>

      <testcase classname="com.zutubi.pulse.core.MakeCommandTest" name="testRunNoBuildFile" time="0.11"></testcase>

      <testcase classname="com.zutubi.pulse.core.MakeCommandTest" name="testRunNonExistantBuildFile" time="0.09"></testcase>

      <testcase classname="com.zutubi.pulse.core.MakeCommandTest" name="test" time="0.02"></testcase>

      <system-out></system-out>

      <system-err></system-err>

  </testsuite>
  <testsuite errors="0" failures="0" id="9" name="MakePostProcessorLoadTest" package="com.zutubi.pulse.core" tests="1" time="0.471">
  
      <testcase classname="com.zutubi.pulse.core.MakePostProcessorLoadTest" name="testBasic" time="0.391"></testcase>

      <system-out></system-out>

      <system-err></system-err>

  </testsuite>
  <testsuite errors="0" failures="0" id="10" name="MakePostProcessorTest" package="com.zutubi.pulse.core" tests="4" time="0.19">
  

      <testcase classname="com.zutubi.pulse.core.MakePostProcessorTest" name="testCommandError" time="0.09"></testcase>

      <testcase classname="com.zutubi.pulse.core.MakePostProcessorTest" name="testNoSuchCommand" time="0.0"></testcase>

      <testcase classname="com.zutubi.pulse.core.MakePostProcessorTest" name="testRecursiveError" time="0.01"></testcase>

      <testcase classname="com.zutubi.pulse.core.MakePostProcessorTest" name="testNoSuchMakefile" time="0.01"></testcase>

      <system-out></system-out>

      <system-err></system-err>

  </testsuite>
  <testsuite errors="0" failures="0" id="11" name="RecipeProcessorTest" package="com.zutubi.pulse.core" tests="9" time="4.767">
  
      <testcase classname="com.zutubi.pulse.core.RecipeProcessorTest" name="testBasicRecipe" time="1.082"></testcase>

      <testcase classname="com.zutubi.pulse.core.RecipeProcessorTest" name="testExceptionDuringBootstrap" time="0.09"></testcase>

      <testcase classname="com.zutubi.pulse.core.RecipeProcessorTest" name="testNoDefaultRecipe" time="0.06"></testcase>

      <testcase classname="com.zutubi.pulse.core.RecipeProcessorTest" name="testCommandFailure" time="0.07"></testcase>

      <testcase classname="com.zutubi.pulse.core.RecipeProcessorTest" name="testCommandException" time="0.06"></testcase>

      <testcase classname="com.zutubi.pulse.core.RecipeProcessorTest" name="testCommandUnexpectedException" time="0.07"></testcase>

      <testcase classname="com.zutubi.pulse.core.RecipeProcessorTest" name="testTerminate" time="0.04"></testcase>

      <testcase classname="com.zutubi.pulse.core.RecipeProcessorTest" name="testTerminateRaceWithCommand" time="1.262"></testcase>

      <testcase classname="com.zutubi.pulse.core.RecipeProcessorTest" name="testTerminateDuringCommand" time="1.943"></testcase>

      <system-out></system-out>

      <system-err></system-err>

  </testsuite>
  <testsuite errors="0" failures="0" id="12" name="RegexPostProcessorLoadTest" package="com.zutubi.pulse.core" tests="11" time="0.631">
  
      <testcase classname="com.zutubi.pulse.core.RegexPostProcessorLoadTest" name="testEmpty" time="0.391"></testcase>

      <testcase classname="com.zutubi.pulse.core.RegexPostProcessorLoadTest" name="testFailOnWarning" time="0.01"></testcase>

      <testcase classname="com.zutubi.pulse.core.RegexPostProcessorLoadTest" name="testNoFailOnError" time="0.03"></testcase>

      <testcase classname="com.zutubi.pulse.core.RegexPostProcessorLoadTest" name="testErrorPattern" time="0.02"></testcase>

      <testcase classname="com.zutubi.pulse.core.RegexPostProcessorLoadTest" name="testWarningPattern" time="0.01"></testcase>

      <testcase classname="com.zutubi.pulse.core.RegexPostProcessorLoadTest" name="testInfoPattern" time="0.02"></testcase>

      <testcase classname="com.zutubi.pulse.core.RegexPostProcessorLoadTest" name="testContext" time="0.02"></testcase>

      <testcase classname="com.zutubi.pulse.core.RegexPostProcessorLoadTest" name="testUnknownLevel" time="0.01"></testcase>

      <testcase classname="com.zutubi.pulse.core.RegexPostProcessorLoadTest" name="testRegexPPInvalidRegex" time="0.01"></testcase>

      <testcase classname="com.zutubi.pulse.core.RegexPostProcessorLoadTest" name="testNegativeLeadingContext" time="0.02"></testcase>

      <testcase classname="com.zutubi.pulse.core.RegexPostProcessorLoadTest" name="testNegativeTrailingContext" time="0.01"></testcase>

      <system-out></system-out>

      <system-err></system-err>

  </testsuite>
  <testsuite errors="0" failures="0" id="13" name="RegexPostProcessorTest" package="com.zutubi.pulse.core" tests="37" time="0.881">
  
      <testcase classname="com.zutubi.pulse.core.RegexPostProcessorTest" name="testMatchAll" time="0.2"></testcase>

      <testcase classname="com.zutubi.pulse.core.RegexPostProcessorTest" name="testMatchXXX" time="0.01"></testcase>

      <testcase classname="com.zutubi.pulse.core.RegexPostProcessorTest" name="testStartsXXX" time="0.02"></testcase>

      <testcase classname="com.zutubi.pulse.core.RegexPostProcessorTest" name="testEndsXXX" time="0.01"></testcase>

      <testcase classname="com.zutubi.pulse.core.RegexPostProcessorTest" name="testFloatingXXX" time="0.021"></testcase>

      <testcase classname="com.zutubi.pulse.core.RegexPostProcessorTest" name="testCustomSummary" time="0.01"></testcase>

      <testcase classname="com.zutubi.pulse.core.RegexPostProcessorTest" name="testCustomSummaryGroups" time="0.02"></testcase>

      <testcase classname="com.zutubi.pulse.core.RegexPostProcessorTest" name="testExcludeAll" time="0.01"></testcase>

      <testcase classname="com.zutubi.pulse.core.RegexPostProcessorTest" name="testExcludeSame" time="0.02"></testcase>

      <testcase classname="com.zutubi.pulse.core.RegexPostProcessorTest" name="testExcludeSome" time="0.01"></testcase>

      <testcase classname="com.zutubi.pulse.core.RegexPostProcessorTest" name="testMultipleExclusions" time="0.02"></testcase>

      <testcase classname="com.zutubi.pulse.core.RegexPostProcessorTest" name="testFailOnError" time="0.02"></testcase>

      <testcase classname="com.zutubi.pulse.core.RegexPostProcessorTest" name="testNoFailOnError" time="0.02"></testcase>

      <testcase classname="com.zutubi.pulse.core.RegexPostProcessorTest" name="testNoFailOnWarning" time="0.01"></testcase>

      <testcase classname="com.zutubi.pulse.core.RegexPostProcessorTest" name="testFailOnWarning" time="0.03"></testcase>

      <testcase classname="com.zutubi.pulse.core.RegexPostProcessorTest" name="testLeadingContext" time="0.02"></testcase>

      <testcase classname="com.zutubi.pulse.core.RegexPostProcessorTest" name="testTrailingContext" time="0.02"></testcase>

      <testcase classname="com.zutubi.pulse.core.RegexPostProcessorTest" name="testLeadingAndTrailingContext" time="0.03"></testcase>

      <testcase classname="com.zutubi.pulse.core.RegexPostProcessorTest" name="testMultipleLeadingContext" time="0.01"></testcase>

      <testcase classname="com.zutubi.pulse.core.RegexPostProcessorTest" name="testMultipleTrailingContext" time="0.01"></testcase>

      <testcase classname="com.zutubi.pulse.core.RegexPostProcessorTest" name="testMultipleLeadingAndTrailingContext" time="0.01"></testcase>

      <testcase classname="com.zutubi.pulse.core.RegexPostProcessorTest" name="testJustUnderLeadingContext" time="0.01"></testcase>

      <testcase classname="com.zutubi.pulse.core.RegexPostProcessorTest" name="testJustUnderTrailingContext" time="0.02"></testcase>

      <testcase classname="com.zutubi.pulse.core.RegexPostProcessorTest" name="testJustUnderLEadingAndTrailingContext" time="0.01"></testcase>

      <testcase classname="com.zutubi.pulse.core.RegexPostProcessorTest" name="testExactLeadingContext" time="0.02"></testcase>

      <testcase classname="com.zutubi.pulse.core.RegexPostProcessorTest" name="testExactTrailingContext" time="0.01"></testcase>

      <testcase classname="com.zutubi.pulse.core.RegexPostProcessorTest" name="testExactLeadingAndTrailingContext" time="0.01"></testcase>

      <testcase classname="com.zutubi.pulse.core.RegexPostProcessorTest" name="testJustOverLeadingContext" time="0.01"></testcase>

      <testcase classname="com.zutubi.pulse.core.RegexPostProcessorTest" name="testJustOverTrailingContext" time="0.01"></testcase>

      <testcase classname="com.zutubi.pulse.core.RegexPostProcessorTest" name="testJustOverLeadingAndTrailingContext" time="0.01"></testcase>

      <testcase classname="com.zutubi.pulse.core.RegexPostProcessorTest" name="testHugeLeadingContext" time="0.02"></testcase>

      <testcase classname="com.zutubi.pulse.core.RegexPostProcessorTest" name="testHugeTrailingContext" time="0.01"></testcase>

      <testcase classname="com.zutubi.pulse.core.RegexPostProcessorTest" name="testHugeLeadingAndTrailingContext" time="0.01"></testcase>

      <testcase classname="com.zutubi.pulse.core.RegexPostProcessorTest" name="testJoinOverlapping" time="0.02"></testcase>

      <testcase classname="com.zutubi.pulse.core.RegexPostProcessorTest" name="testJoinDoubleOverlapping" time="0.01"></testcase>

      <testcase classname="com.zutubi.pulse.core.RegexPostProcessorTest" name="testNotJoinAdjacent" time="0.01"></testcase>

      <testcase classname="com.zutubi.pulse.core.RegexPostProcessorTest" name="testJoinSeparated" time="0.01"></testcase>

      <system-out></system-out>

      <system-err></system-err>

  </testsuite>
  <testsuite errors="0" failures="0" id="14" name="ResourceReferenceTest" package="com.zutubi.pulse.core" tests="1" time="1.132">
  
      <testcase classname="com.zutubi.pulse.core.ResourceReferenceTest" name="testResourceReference" time="0.992"></testcase>

      <system-out></system-out>

      <system-err></system-err>

  </testsuite>
  <testsuite errors="0" failures="0" id="15" name="ResourceRepositoryTest" package="com.zutubi.pulse.core" tests="4" time="1.211">
  
      <testcase classname="com.zutubi.pulse.core.FileResourceRepositoryTest" name="testEmptyRepo" time="0.27"></testcase>

      <testcase classname="com.zutubi.pulse.core.FileResourceRepositoryTest" name="testResource" time="0.761"></testcase>

      <testcase classname="com.zutubi.pulse.core.FileResourceRepositoryTest" name="testResourceWithVersion" time="0.07"></testcase>

      <testcase classname="com.zutubi.pulse.core.FileResourceRepositoryTest" name="testMultipleResources" time="0.02"></testcase>

      <system-out></system-out>

      <system-err></system-err>

  </testsuite>
  <testsuite errors="0" failures="0" id="16" name="VariableHelperTest" package="com.zutubi.pulse.core" tests="18" time="0.11">
  
      <testcase classname="com.zutubi.pulse.core.VariableHelperTest" name="testDollarEOI" time="0.02"></testcase>

      <testcase classname="com.zutubi.pulse.core.VariableHelperTest" name="testDollarBraceEOI" time="0.0"></testcase>

      <testcase classname="com.zutubi.pulse.core.VariableHelperTest" name="testDollarNoBrace" time="0.0"></testcase>

      <testcase classname="com.zutubi.pulse.core.VariableHelperTest" name="testHalfEscape" time="0.0"></testcase>

      <testcase classname="com.zutubi.pulse.core.VariableHelperTest" name="testEmptyVariable" time="0.0"></testcase>

      <testcase classname="com.zutubi.pulse.core.VariableHelperTest" name="testUnknownVariable" time="0.0"></testcase>

      <testcase classname="com.zutubi.pulse.core.VariableHelperTest" name="testSimpleSubstitution" time="0.0"></testcase>

      <testcase classname="com.zutubi.pulse.core.VariableHelperTest" name="testSimpleSubstitution2" time="0.0"></testcase>

      <testcase classname="com.zutubi.pulse.core.VariableHelperTest" name="testSubstitutionLeading" time="0.0"></testcase>

      <testcase classname="com.zutubi.pulse.core.VariableHelperTest" name="testSubstitutionTrailing" time="0.0"></testcase>

      <testcase classname="com.zutubi.pulse.core.VariableHelperTest" name="testSubstitutionTwice" time="0.0"></testcase>

      <testcase classname="com.zutubi.pulse.core.VariableHelperTest" name="testSimpleEscape" time="0.0"></testcase>

      <testcase classname="com.zutubi.pulse.core.VariableHelperTest" name="testEscapeDollar" time="0.01"></testcase>

      <testcase classname="com.zutubi.pulse.core.VariableHelperTest" name="testEscapeSlash" time="0.0"></testcase>

      <testcase classname="com.zutubi.pulse.core.VariableHelperTest" name="testEscapeSlashSlash" time="0.0"></testcase>

      <testcase classname="com.zutubi.pulse.core.VariableHelperTest" name="testEscapeSlashOther" time="0.0"></testcase>

      <testcase classname="com.zutubi.pulse.core.VariableHelperTest" name="testSlashInVariable" time="0.0"></testcase>

      <testcase classname="com.zutubi.pulse.core.VariableHelperTest" name="testNestedVariable" time="0.0"></testcase>

      <system-out></system-out>

      <system-err></system-err>

  </testsuite>
  <testsuite errors="0" failures="0" id="17" name="CommandResultTest" package="com.zutubi.pulse.core.model" tests="1" time="0.23">
  
      <testcase classname="com.zutubi.pulse.core.model.CommandResultTest" name="testCIB249" time="0.06"></testcase>

      <system-out></system-out>

      <system-err></system-err>

  </testsuite>
  <testsuite errors="0" failures="0" id="18" name="DefaultEventManagerTest" package="com.zutubi.pulse.events" tests="10" time="0.14">
  
      <testcase classname="com.zutubi.pulse.events.DefaultEventManagerTest" name="testRegisterListener" time="0.03"></testcase>

      <testcase classname="com.zutubi.pulse.events.DefaultEventManagerTest" name="testMultipleRegistrationsBySingleListener" time="0.0"></testcase>

      <testcase classname="com.zutubi.pulse.events.DefaultEventManagerTest" name="testUnregisterListener" time="0.0"></testcase>

      <testcase classname="com.zutubi.pulse.events.DefaultEventManagerTest" name="testListenerRegisteredInCallbackDoesNotReceiveEvent" time="0.02"></testcase>

      <testcase classname="com.zutubi.pulse.events.DefaultEventManagerTest" name="testListenerUnregisteredInCallbackStillReceivesEvent" time="0.01"></testcase>

      <testcase classname="com.zutubi.pulse.events.DefaultEventManagerTest" name="testHandleByClassPartA" time="0.0"></testcase>

      <testcase classname="com.zutubi.pulse.events.DefaultEventManagerTest" name="testHandleByClassPartB" time="0.0"></testcase>

      <testcase classname="com.zutubi.pulse.events.DefaultEventManagerTest" name="testReceiveAllEventsByDefault" time="0.0"></testcase>

      <testcase classname="com.zutubi.pulse.events.DefaultEventManagerTest" name="testHandleByInterfacePartA" time="0.0"></testcase>

      <testcase classname="com.zutubi.pulse.events.DefaultEventManagerTest" name="testHandleByInterfacePartB" time="0.0"></testcase>

      <system-out></system-out>

      <system-err></system-err>

  </testsuite>
  <testsuite errors="0" failures="0" id="19" name="CircularBufferTest" package="com.zutubi.pulse.util" tests="14" time="0.151">
  
      <testcase classname="com.zutubi.pulse.util.CircularBufferTest" name="testIterateEmpty" time="0.02"></testcase>

      <testcase classname="com.zutubi.pulse.util.CircularBufferTest" name="testAppend" time="0.011"></testcase>

      <testcase classname="com.zutubi.pulse.util.CircularBufferTest" name="testIterate" time="0.0"></testcase>

      <testcase classname="com.zutubi.pulse.util.CircularBufferTest" name="testFull" time="0.0"></testcase>

      <testcase classname="com.zutubi.pulse.util.CircularBufferTest" name="testIterateFull" time="0.0"></testcase>

      <testcase classname="com.zutubi.pulse.util.CircularBufferTest" name="testWrap" time="0.0"></testcase>

      <testcase classname="com.zutubi.pulse.util.CircularBufferTest" name="testIterateWrap" time="0.01"></testcase>

      <testcase classname="com.zutubi.pulse.util.CircularBufferTest" name="testWrapMultiple" time="0.0"></testcase>

      <testcase classname="com.zutubi.pulse.util.CircularBufferTest" name="testIterateWrapMultiple" time="0.0"></testcase>

      <testcase classname="com.zutubi.pulse.util.CircularBufferTest" name="testFillTwice" time="0.0"></testcase>

      <testcase classname="com.zutubi.pulse.util.CircularBufferTest" name="testIterateFillTwice" time="0.01"></testcase>

      <testcase classname="com.zutubi.pulse.util.CircularBufferTest" name="testWrapTwice" time="0.0"></testcase>

      <testcase classname="com.zutubi.pulse.util.CircularBufferTest" name="testIterateWrapTwice" time="0.0"></testcase>

      <testcase classname="com.zutubi.pulse.util.CircularBufferTest" name="testAppendZero" time="0.0"></testcase>

      <system-out></system-out>

      <system-err></system-err>

  </testsuite>
  <testsuite errors="0" failures="0" id="20" name="FileSystemUtilsTest" package="com.zutubi.pulse.util" tests="2" time="0.091">
  
      <testcase classname="com.zutubi.pulse.util.FileSystemUtilsTest" name="testGetPermissions" time="0.01"></testcase>

      <testcase classname="com.zutubi.pulse.util.FileSystemUtilsTest" name="testSetPermissions" time="0.0"></testcase>

      <system-out></system-out>

      <system-err></system-err>

  </testsuite>
  <testsuite errors="0" failures="0" id="21" name="RemoveDirectoryTest" package="com.zutubi.pulse.util" tests="6" time="0.21">
  
      <testcase classname="com.zutubi.pulse.util.RemoveDirectoryTest" name="testRemoveNonExistant" time="0.04"></testcase>

      <testcase classname="com.zutubi.pulse.util.RemoveDirectoryTest" name="testRemoveFile" time="0.02"></testcase>

      <testcase classname="com.zutubi.pulse.util.RemoveDirectoryTest" name="testRemoveEmpty" time="0.01"></testcase>

      <testcase classname="com.zutubi.pulse.util.RemoveDirectoryTest" name="testRemoveContents" time="0.02"></testcase>

      <testcase classname="com.zutubi.pulse.util.RemoveDirectoryTest" name="testRemoveNested" time="0.02"></testcase>

      <testcase classname="com.zutubi.pulse.util.RemoveDirectoryTest" name="testExternalSymlink" time="0.01"></testcase>

      <system-out></system-out>

      <system-err></system-err>

  </testsuite>
  <testsuite errors="0" failures="0" id="22" name="RenameDirectoryTest" package="com.zutubi.pulse.util" tests="3" time="0.16">
  
      <testcase classname="com.zutubi.pulse.util.RenameDirectoryTest" name="testRenameFileToNonExistingDest" time="0.06"></testcase>

      <testcase classname="com.zutubi.pulse.util.RenameDirectoryTest" name="testRenameDirectoryToNonExistingDest" time="0.01"></testcase>

      <testcase classname="com.zutubi.pulse.util.RenameDirectoryTest" name="testRenameToExistingDest" time="0.01"></testcase>

      <system-out></system-out>

      <system-err></system-err>

  </testsuite>
  <testsuite errors="0" failures="0" id="23" name="StringUtilsTest" package="com.zutubi.pulse.util" tests="21" time="0.13">
  
      <testcase classname="com.zutubi.pulse.util.StringUtilsTest" name="testTrimStringShort" time="0.01"></testcase>

      <testcase classname="com.zutubi.pulse.util.StringUtilsTest" name="testTrimStringMuchLonger" time="0.0"></testcase>

      <testcase classname="com.zutubi.pulse.util.StringUtilsTest" name="testTrimStringExact" time="0.01">
      </testcase>

      <testcase classname="com.zutubi.pulse.util.StringUtilsTest" name="testTrimStringJustOver" time="0.0"></testcase>

      <testcase classname="com.zutubi.pulse.util.StringUtilsTest" name="testTrimStringShortLimit" time="0.0"></testcase>

      <testcase classname="com.zutubi.pulse.util.StringUtilsTest" name="testTrimStringDotsLimit" time="0.0"></testcase>

      <testcase classname="com.zutubi.pulse.util.StringUtilsTest" name="testTrimStringZeroLimit" time="0.0"></testcase>

      <testcase classname="com.zutubi.pulse.util.StringUtilsTest" name="testWrapShort" time="0.01">
      </testcase>

      <testcase classname="com.zutubi.pulse.util.StringUtilsTest" name="testWrapSimple" time="0.0"></testcase>

      <testcase classname="com.zutubi.pulse.util.StringUtilsTest" name="testWrapEarlierSpace" time="0.0"></testcase>

      <testcase classname="com.zutubi.pulse.util.StringUtilsTest" name="testWrapMultiline" time="0.0"></testcase>

      <testcase classname="com.zutubi.pulse.util.StringUtilsTest" name="testWrapNoSpace" time="0.0"></testcase>

      <testcase classname="com.zutubi.pulse.util.StringUtilsTest" name="testWrapPrefix" time="0.0"></testcase>

      <testcase classname="com.zutubi.pulse.util.StringUtilsTest" name="testWrapSomeText" time="0.0"></testcase>

      <testcase classname="com.zutubi.pulse.util.StringUtilsTest" name="testInvalidPrefix" time="0.0"></testcase>

      <testcase classname="com.zutubi.pulse.util.StringUtilsTest" name="testGetLineLinefeed" time="0.01"></testcase>

      <testcase classname="com.zutubi.pulse.util.StringUtilsTest" name="testGetLineCarriageReturn" time="0.0"></testcase>

      <testcase classname="com.zutubi.pulse.util.StringUtilsTest" name="testGetLineCarriageReturnLinefeed" time="0.0"></testcase>

      <testcase classname="com.zutubi.pulse.util.StringUtilsTest" name="testGetLineMixed" time="0.0"></testcase>

      <testcase classname="com.zutubi.pulse.util.StringUtilsTest" name="testGetLineEmpty" time="0.0"></testcase>

      <testcase classname="com.zutubi.pulse.util.StringUtilsTest" name="testGetLinePastEnd" time="0.0"></testcase>

      <system-out></system-out>

      <system-err></system-err>

  </testsuite>
  <testsuite errors="0" failures="0" id="24" name="SystemUtilsTest" package="com.zutubi.pulse.util" tests="2" time="0.1">
  
      <testcase classname="com.zutubi.pulse.util.SystemUtilsTest" name="testFindInPathNonExistant" time="0.03"></testcase>

      <testcase classname="com.zutubi.pulse.util.SystemUtilsTest" name="testFindInPathList" time="0.0"></testcase>

      <system-out></system-out>

      <system-err></system-err>

  </testsuite>
  <testsuite errors="0" failures="0" id="25" name="ZipTest" package="com.zutubi.pulse.util" tests="13" time="0.821">
  
      <testcase classname="com.zutubi.pulse.util.ZipTest" name="testZipNonExistant" time="0.05"></testcase>

      <testcase classname="com.zutubi.pulse.util.ZipTest" name="testZipBadBase" time="0.02"></testcase>

      <testcase classname="com.zutubi.pulse.util.ZipTest" name="testZipSingleFile" time="0.061"></testcase>

      <testcase classname="com.zutubi.pulse.util.ZipTest" name="testEmptyDirectory" time="0.02"></testcase>

      <testcase classname="com.zutubi.pulse.util.ZipTest" name="testSimpleDirectory" time="0.06"></testcase>

      <testcase classname="com.zutubi.pulse.util.ZipTest" name="testNestedDirectory" time="0.08"></testcase>

      <testcase classname="com.zutubi.pulse.util.ZipTest" name="testRelative" time="0.05"></testcase>

      <testcase classname="com.zutubi.pulse.util.ZipTest" name="testBaseAndSourceAreSameDir" time="0.08"></testcase>

      <testcase classname="com.zutubi.pulse.util.ZipTest" name="testUnzipSingleFile" time="0.06"></testcase>

      <testcase classname="com.zutubi.pulse.util.ZipTest" name="testUnzipWithDirectory" time="0.08"></testcase>

      <testcase classname="com.zutubi.pulse.util.ZipTest" name="testUnzipWithNestedDirectory" time="0.14"></testcase>

      <testcase classname="com.zutubi.pulse.util.ZipTest" name="testZipWithSymlink" time="0.01"></testcase>

      <testcase classname="com.zutubi.pulse.util.ZipTest" name="testZipPreservesPermissions" time="0.02"></testcase>

      <system-out></system-out>

      <system-err></system-err>

  </testsuite>
  <testsuite errors="0" failures="0" id="26" name="IntegralValidatorTest" package="com.zutubi.pulse.xwork.validator.validators" tests="3" time="0.531">
  
      <testcase classname="com.zutubi.pulse.xwork.validator.validators.IntegralValidatorTest" name="testEmptyString" time="0.421"></testcase>

      <testcase classname="com.zutubi.pulse.xwork.validator.validators.IntegralValidatorTest" name="testEmptyStringWhenRequired" time="0.02"></testcase>

      <testcase classname="com.zutubi.pulse.xwork.validator.validators.IntegralValidatorTest" name="testAlphabeticString" time="0.0"></testcase>

      <system-out></system-out>

      <system-err></system-err>

  </testsuite>
</testsuites>
