<?xml version="1.0" encoding="UTF-8"?>
<TestRun id="8f8fd61c-e61d-4ac2-99d2-43512255a485" name="Foo@BAR 2011-05-08 09:35:48" runUser="BAR\Foo" xmlns="http://microsoft.com/schemas/VisualStudio/TeamTest/2010">
  <TestSettings name="Local" id="becb1b75-ab5b-499e-b6ab-58d674318d57">
    <Description>These are default test settings for a local test run.</Description>
    <Deployment enabled="false" runDeploymentRoot="Foo_BAR 2011-05-08 09_35_48" />
    <Execution>
      <TestTypeSpecific />
      <AgentRule name="Execution Agents">
      </AgentRule>
    </Execution>
  </TestSettings>
  <Times creation="2011-05-08T09:35:48.8483172+01:00" queuing="2011-05-08T09:35:49.1343335+01:00" start="2011-05-08T09:35:49.4693527+01:00" finish="2011-05-08T09:35:50.4014060+01:00" />
  <ResultSummary outcome="Failed">
    <Counters total="1" executed="1" error="0" failed="1" timeout="0" aborted="0" inconclusive="0" passedButRunAborted="0" notRunnable="0" notExecuted="0" disconnected="0" warning="0" passed="0" completed="0" inProgress="0" pending="0" />
  </ResultSummary>
  <TestDefinitions>
      <UnitTest name="TestInconclusive" storage="d:\testproject1\bin\debug\testproject1.dll" id="1">
        <Execution timeOut="1800000" id="6fdc49a9-8b66-431c-ab3a-e552cc49baae" />
        <TestMethod codeBase="D:/TestProject1/bin/Debug/TestProject1.DLL" adapterTypeName="Microsoft.VisualStudio.TestTools.TestTypes.Unit.UnitTestAdapter, Microsoft.VisualStudio.QualityTools.Tips.UnitTest.Adapter, Version=10.0.0.0, Culture=neutral, PublicKeyToken=b03f5f7f11d50a3a" className="TestProject1.UnitTest1, TestProject1, Version=1.0.0.0, Culture=neutral, PublicKeyToken=null" name="TestFailure" />
      </UnitTest>
      <UnitTest name="TestTimeout" storage="d:\testproject1\bin\debug\testproject1.dll" id="2">
        <Execution timeOut="1800000" id="6fdc49a9-8b66-431c-ab3a-e552cc49baae" />
        <TestMethod codeBase="D:/TestProject1/bin/Debug/TestProject1.DLL" adapterTypeName="Microsoft.VisualStudio.TestTools.TestTypes.Unit.UnitTestAdapter, Microsoft.VisualStudio.QualityTools.Tips.UnitTest.Adapter, Version=10.0.0.0, Culture=neutral, PublicKeyToken=b03f5f7f11d50a3a" className="TestProject1.UnitTest1, TestProject1, Version=1.0.0.0, Culture=neutral, PublicKeyToken=null" name="TestFailure" />
      </UnitTest>
      <UnitTest name="TestAborted" storage="d:\testproject1\bin\debug\testproject1.dll" id="3">
        <Execution timeOut="1800000" id="6fdc49a9-8b66-431c-ab3a-e552cc49baae" />
        <TestMethod codeBase="D:/TestProject1/bin/Debug/TestProject1.DLL" adapterTypeName="Microsoft.VisualStudio.TestTools.TestTypes.Unit.UnitTestAdapter, Microsoft.VisualStudio.QualityTools.Tips.UnitTest.Adapter, Version=10.0.0.0, Culture=neutral, PublicKeyToken=b03f5f7f11d50a3a" className="TestProject1.UnitTest1, TestProject1, Version=1.0.0.0, Culture=neutral, PublicKeyToken=null" name="TestFailure" />
      </UnitTest>
      <UnitTest name="TestBlocked" storage="d:\testproject1\bin\debug\testproject1.dll" id="4">
        <Execution timeOut="1800000" id="6fdc49a9-8b66-431c-ab3a-e552cc49baae" />
        <TestMethod codeBase="D:/TestProject1/bin/Debug/TestProject1.DLL" adapterTypeName="Microsoft.VisualStudio.TestTools.TestTypes.Unit.UnitTestAdapter, Microsoft.VisualStudio.QualityTools.Tips.UnitTest.Adapter, Version=10.0.0.0, Culture=neutral, PublicKeyToken=b03f5f7f11d50a3a" className="TestProject1.UnitTest1, TestProject1, Version=1.0.0.0, Culture=neutral, PublicKeyToken=null" name="TestFailure" />
      </UnitTest>
      <UnitTest name="TestNotExecuted" storage="d:\testproject1\bin\debug\testproject1.dll" id="5">
        <Execution timeOut="1800000" id="6fdc49a9-8b66-431c-ab3a-e552cc49baae" />
        <TestMethod codeBase="D:/TestProject1/bin/Debug/TestProject1.DLL" adapterTypeName="Microsoft.VisualStudio.TestTools.TestTypes.Unit.UnitTestAdapter, Microsoft.VisualStudio.QualityTools.Tips.UnitTest.Adapter, Version=10.0.0.0, Culture=neutral, PublicKeyToken=b03f5f7f11d50a3a" className="TestProject1.UnitTest1, TestProject1, Version=1.0.0.0, Culture=neutral, PublicKeyToken=null" name="TestFailure" />
      </UnitTest>
      <UnitTest name="TestWarning" storage="d:\testproject1\bin\debug\testproject1.dll" id="6">
        <Execution timeOut="1800000" id="6fdc49a9-8b66-431c-ab3a-e552cc49baae" />
        <TestMethod codeBase="D:/TestProject1/bin/Debug/TestProject1.DLL" adapterTypeName="Microsoft.VisualStudio.TestTools.TestTypes.Unit.UnitTestAdapter, Microsoft.VisualStudio.QualityTools.Tips.UnitTest.Adapter, Version=10.0.0.0, Culture=neutral, PublicKeyToken=b03f5f7f11d50a3a" className="TestProject1.UnitTest1, TestProject1, Version=1.0.0.0, Culture=neutral, PublicKeyToken=null" name="TestFailure" />
      </UnitTest>
      <UnitTest name="TestError" storage="d:\testproject1\bin\debug\testproject1.dll" id="7">
        <Execution timeOut="1800000" id="6fdc49a9-8b66-431c-ab3a-e552cc49baae" />
        <TestMethod codeBase="D:/TestProject1/bin/Debug/TestProject1.DLL" adapterTypeName="Microsoft.VisualStudio.TestTools.TestTypes.Unit.UnitTestAdapter, Microsoft.VisualStudio.QualityTools.Tips.UnitTest.Adapter, Version=10.0.0.0, Culture=neutral, PublicKeyToken=b03f5f7f11d50a3a" className="TestProject1.UnitTest1, TestProject1, Version=1.0.0.0, Culture=neutral, PublicKeyToken=null" name="TestFailure" />
      </UnitTest>
      <UnitTest name="TestUnknown" storage="d:\testproject1\bin\debug\testproject1.dll" id="8">
        <Execution timeOut="1800000" id="6fdc49a9-8b66-431c-ab3a-e552cc49baae" />
        <TestMethod codeBase="D:/TestProject1/bin/Debug/TestProject1.DLL" adapterTypeName="Microsoft.VisualStudio.TestTools.TestTypes.Unit.UnitTestAdapter, Microsoft.VisualStudio.QualityTools.Tips.UnitTest.Adapter, Version=10.0.0.0, Culture=neutral, PublicKeyToken=b03f5f7f11d50a3a" className="TestProject1.UnitTest1, TestProject1, Version=1.0.0.0, Culture=neutral, PublicKeyToken=null" name="TestFailure" />
      </UnitTest>
  </TestDefinitions>
  <TestLists>
    <TestList name="Results Not in a List" id="8c84fa94-04c1-424b-9868-57a2d4851a1d" />
    <TestList name="All Loaded Results" id="19431567-8539-422a-85d7-44ee4e166bda" />
  </TestLists>
  <TestEntries>
    <TestEntry testId="024180b9-4ed0-384f-03da-78bb09452e2a" executionId="6fdc49a9-8b66-431c-ab3a-e552cc49baae" testListId="8c84fa94-04c1-424b-9868-57a2d4851a1d" />
  </TestEntries>
  <Results>
    <UnitTestResult executionId="6fdc49a9-8b66-431c-ab3a-e552cc49baae" testId="1" testName="TestInconclusive" computerName="BAR" duration="00:00:00.7190412" startTime="2011-05-08T09:35:49.5143553+01:00" endTime="2011-05-08T09:35:50.3164011+01:00" testType="13cdc9d9-ddb5-4fa4-a97d-d965ccfc6d4b" outcome="Inconclusive" testListId="8c84fa94-04c1-424b-9868-57a2d4851a1d" relativeResultsDirectory="6fdc49a9-8b66-431c-ab3a-e552cc49baae"/>
    <UnitTestResult executionId="6fdc49a9-8b66-431c-ab3a-e552cc49baae" testId="2" testName="TestTimeout" computerName="BAR" duration="00:00:00.7190412" startTime="2011-05-08T09:35:49.5143553+01:00" endTime="2011-05-08T09:35:50.3164011+01:00" testType="13cdc9d9-ddb5-4fa4-a97d-d965ccfc6d4b" outcome="Timeout" testListId="8c84fa94-04c1-424b-9868-57a2d4851a1d" relativeResultsDirectory="6fdc49a9-8b66-431c-ab3a-e552cc49baae">
      <Output>
        <ErrorInfo>
          <Message>defined message</Message>
        </ErrorInfo>
      </Output>
    </UnitTestResult>
    <UnitTestResult executionId="6fdc49a9-8b66-431c-ab3a-e552cc49baae" testId="3" testName="TestAborted" computerName="BAR" duration="00:00:00.7190412" startTime="2011-05-08T09:35:49.5143553+01:00" endTime="2011-05-08T09:35:50.3164011+01:00" testType="13cdc9d9-ddb5-4fa4-a97d-d965ccfc6d4b" outcome="Aborted" testListId="8c84fa94-04c1-424b-9868-57a2d4851a1d" relativeResultsDirectory="6fdc49a9-8b66-431c-ab3a-e552cc49baae"/>
    <UnitTestResult executionId="6fdc49a9-8b66-431c-ab3a-e552cc49baae" testId="4" testName="TestBlocked" computerName="BAR" duration="00:00:00.7190412" startTime="2011-05-08T09:35:49.5143553+01:00" endTime="2011-05-08T09:35:50.3164011+01:00" testType="13cdc9d9-ddb5-4fa4-a97d-d965ccfc6d4b" outcome="Blocked" testListId="8c84fa94-04c1-424b-9868-57a2d4851a1d" relativeResultsDirectory="6fdc49a9-8b66-431c-ab3a-e552cc49baae"/>
    <UnitTestResult executionId="6fdc49a9-8b66-431c-ab3a-e552cc49baae" testId="5" testName="TestNotExecuted" computerName="BAR" duration="00:00:00.7190412" startTime="2011-05-08T09:35:49.5143553+01:00" endTime="2011-05-08T09:35:50.3164011+01:00" testType="13cdc9d9-ddb5-4fa4-a97d-d965ccfc6d4b" outcome="NotExecuted" testListId="8c84fa94-04c1-424b-9868-57a2d4851a1d" relativeResultsDirectory="6fdc49a9-8b66-431c-ab3a-e552cc49baae"/>
    <UnitTestResult executionId="6fdc49a9-8b66-431c-ab3a-e552cc49baae" testId="6" testName="TestWarning" computerName="BAR" duration="00:00:00.7190412" startTime="2011-05-08T09:35:49.5143553+01:00" endTime="2011-05-08T09:35:50.3164011+01:00" testType="13cdc9d9-ddb5-4fa4-a97d-d965ccfc6d4b" outcome="Warning" testListId="8c84fa94-04c1-424b-9868-57a2d4851a1d" relativeResultsDirectory="6fdc49a9-8b66-431c-ab3a-e552cc49baae"/>
    <UnitTestResult executionId="6fdc49a9-8b66-431c-ab3a-e552cc49baae" testId="7" testName="TestError" computerName="BAR" duration="00:00:00.7190412" startTime="2011-05-08T09:35:49.5143553+01:00" endTime="2011-05-08T09:35:50.3164011+01:00" testType="13cdc9d9-ddb5-4fa4-a97d-d965ccfc6d4b" outcome="Error" testListId="8c84fa94-04c1-424b-9868-57a2d4851a1d" relativeResultsDirectory="6fdc49a9-8b66-431c-ab3a-e552cc49baae"/>
    <UnitTestResult executionId="6fdc49a9-8b66-431c-ab3a-e552cc49baae" testId="8" testName="TestUnknown" computerName="BAR" duration="00:00:00.7190412" startTime="2011-05-08T09:35:49.5143553+01:00" endTime="2011-05-08T09:35:50.3164011+01:00" testType="13cdc9d9-ddb5-4fa4-a97d-d965ccfc6d4b" outcome="Unknown" testListId="8c84fa94-04c1-424b-9868-57a2d4851a1d" relativeResultsDirectory="6fdc49a9-8b66-431c-ab3a-e552cc49baae"/>
  </Results>
</TestRun>