<?xml version="1.0"?>
<project>
    <description>Wow, a project!</description>
    <post-processor name="mepp">
        <regex>
            <pattern category="error" expression=".*[Ee]rror.*"/>
        </regex>
    </post-processor>
    <recipe>
        <command name="sync">
            <executable exe="sleep" args="1" working-dir="/home/jsankey"/>
        </command>
        <command name="build">
            <executable exe="ls" args="-l -a" working-dir="/home/jsankey/bob"/>
            <process processor="mepp" artifact="output"/>
        </command>
    </recipe>
</project>

